<?xml version="1.0" encoding="UTF-8"?>
<testsuite xmlns:xsi="http://www.w3.org/2001/XMLSchema-instance" xsi:noNamespaceSchemaLocation="https://maven.apache.org/surefire/maven-surefire-plugin/xsd/surefire-test-report.xsd" version="3.0.2" name="com.cypcode.quartz_microservice.ApplicationTests" time="23.392" tests="1" errors="0" skipped="0" failures="0">
  <properties>
[...]
</properties>
  <testcase name="contextLoads" classname="com.cypcode.quartz_microservice.ApplicationTests" time="1.424">
    <system-out><![CDATA[21:41:03.818 [main] INFO org.springframework.test.context.support.AnnotationConfigContextLoaderUtils -- Could not detect default configuration classes for test class [com.cypcode.quartz_microservice.ApplicationTests]: ApplicationTests does not declare any static, non-private, non-final, nested classes annotated with @Configuration.
21:41:04.096 [main] INFO org.springframework.boot.test.context.SpringBootTestContextBootstrapper -- Found @SpringBootConfiguration com.cypcode.quartz_microservice.Application for test class com.cypcode.quartz_microservice.ApplicationTests
21:41:04.773 [main] INFO org.springframework.boot.devtools.restart.RestartApplicationListener -- Restart disabled due to context in which it is running

  .   ____          _            __ _ _
 /\\ / ___'_ __ _ _(_)_ __  __ _ \ \ \ \
( ( )\___ | '_ | '_| | '_ \/ _` | \ \ \ \
 \\/  ___)| |_)| | | | | || (_| |  ) ) ) )
  '  |____| .__|_| |_|_| |_\__, | / / / /
 =========|_|==============|___/=/_/_/_/

 :: Spring Boot ::                (v3.4.1)

2025-01-11T21:41:05.720+02:00  INFO 76056 --- [quartz-microservice] [           main] c.c.q.ApplicationTests                   : Starting ApplicationTests using Java 17.0.9 with PID 76056 (started by nkululekog in /Users/nkululekog/Documents/Projects/Cypcode/Cypcode Studios/quartz-microservice)
2025-01-11T21:41:05.723+02:00  INFO 76056 --- [quartz-microservice] [           main] c.c.q.ApplicationTests                   : No active profile set, falling back to 1 default profile: "default"
2025-01-11T21:41:08.997+02:00  INFO 76056 --- [quartz-microservice] [           main] .s.d.r.c.RepositoryConfigurationDelegate : Bootstrapping Spring Data JPA repositories in DEFAULT mode.
2025-01-11T21:41:09.330+02:00  INFO 76056 --- [quartz-microservice] [           main] .s.d.r.c.RepositoryConfigurationDelegate : Finished Spring Data repository scanning in 276 ms. Found 1 JPA repository interface.
2025-01-11T21:41:11.780+02:00  INFO 76056 --- [quartz-microservice] [           main] liquibase.database                       : Set default schema name to PUBLIC
2025-01-11T21:41:13.529+02:00  INFO 76056 --- [quartz-microservice] [           main] liquibase.lockservice                    : Successfully acquired change log lock
2025-01-11T21:41:13.641+02:00  INFO 76056 --- [quartz-microservice] [           main] liquibase.changelog                      : Creating database history table with name: PUBLIC.DATABASE_CHANGELOG
2025-01-11T21:41:13.655+02:00  INFO 76056 --- [quartz-microservice] [           main] liquibase.command                        : Clearing database change log checksums for database h2
2025-01-11T21:41:13.755+02:00  INFO 76056 --- [quartz-microservice] [           main] liquibase.lockservice                    : Successfully released change log lock
2025-01-11T21:41:13.756+02:00  INFO 76056 --- [quartz-microservice] [           main] liquibase.command                        : Command execution complete
2025-01-11T21:41:14.604+02:00  INFO 76056 --- [quartz-microservice] [           main] liquibase.changelog                      : Reading from PUBLIC.DATABASE_CHANGELOG
2025-01-11T21:41:14.899+02:00  INFO 76056 --- [quartz-microservice] [           main] liquibase.lockservice                    : Successfully acquired change log lock
2025-01-11T21:41:14.901+02:00  INFO 76056 --- [quartz-microservice] [           main] liquibase.command                        : Using deploymentId: 6624474900
2025-01-11T21:41:14.904+02:00  INFO 76056 --- [quartz-microservice] [           main] liquibase.changelog                      : Reading from PUBLIC.DATABASE_CHANGELOG
2025-01-11T21:41:14.957+02:00  INFO 76056 --- [quartz-microservice] [           main] liquibase.ui                             : Running Changeset: db/changelog/db.changelog.xml::1::nkululekog
2025-01-11T21:41:14.995+02:00  INFO 76056 --- [quartz-microservice] [           main] liquibase.changelog                      : Table QuartzJob created
2025-01-11T21:41:14.996+02:00  INFO 76056 --- [quartz-microservice] [           main] liquibase.changelog                      : ChangeSet db/changelog/db.changelog.xml::1::nkululekog ran successfully in 32ms
2025-01-11T21:41:15.012+02:00  INFO 76056 --- [quartz-microservice] [           main] liquibase.ui                             : Running Changeset: db/changelog/db.changelog.xml::3::nkululekog
2025-01-11T21:41:15.039+02:00  INFO 76056 --- [quartz-microservice] [           main] liquibase.changelog                      : Custom SQL executed
2025-01-11T21:41:15.040+02:00  INFO 76056 --- [quartz-microservice] [           main] liquibase.changelog                      : ChangeSet db/changelog/db.changelog.xml::3::nkululekog ran successfully in 27ms
2025-01-11T21:41:15.062+02:00  INFO 76056 --- [quartz-microservice] [           main] liquibase.util                           : UPDATE SUMMARY
2025-01-11T21:41:15.062+02:00  INFO 76056 --- [quartz-microservice] [           main] liquibase.util                           : Run:                          2
2025-01-11T21:41:15.063+02:00  INFO 76056 --- [quartz-microservice] [           main] liquibase.util                           : Previously run:               0
2025-01-11T21:41:15.063+02:00  INFO 76056 --- [quartz-microservice] [           main] liquibase.util                           : Filtered out:                 0
2025-01-11T21:41:15.063+02:00  INFO 76056 --- [quartz-microservice] [           main] liquibase.util                           : -------------------------------
2025-01-11T21:41:15.064+02:00  INFO 76056 --- [quartz-microservice] [           main] liquibase.util                           : Total change sets:            2
2025-01-11T21:41:15.066+02:00  INFO 76056 --- [quartz-microservice] [           main] liquibase.util                           : Update summary generated
2025-01-11T21:41:15.073+02:00  INFO 76056 --- [quartz-microservice] [           main] liquibase.command                        : Update command completed successfully.
2025-01-11T21:41:15.074+02:00  INFO 76056 --- [quartz-microservice] [           main] liquibase.ui                             : Liquibase: Update has been successful. Rows affected: 3
2025-01-11T21:41:15.077+02:00  INFO 76056 --- [quartz-microservice] [           main] liquibase.lockservice                    : Successfully released change log lock
2025-01-11T21:41:15.079+02:00  INFO 76056 --- [quartz-microservice] [           main] liquibase.command                        : Command execution complete
2025-01-11T21:41:15.168+02:00  INFO 76056 --- [quartz-microservice] [           main] com.zaxxer.hikari.HikariDataSource       : HikariPool-1 - Starting...
2025-01-11T21:41:15.194+02:00  INFO 76056 --- [quartz-microservice] [           main] com.zaxxer.hikari.pool.HikariPool        : HikariPool-1 - Added connection conn1: url=jdbc:h2:mem:quartzcrondb user=SA
2025-01-11T21:41:15.198+02:00  INFO 76056 --- [quartz-microservice] [           main] com.zaxxer.hikari.HikariDataSource       : HikariPool-1 - Start completed.
2025-01-11T21:41:15.800+02:00  INFO 76056 --- [quartz-microservice] [           main] o.hibernate.jpa.internal.util.LogHelper  : HHH000204: Processing PersistenceUnitInfo [name: default]
2025-01-11T21:41:16.055+02:00  INFO 76056 --- [quartz-microservice] [           main] org.hibernate.Version                    : HHH000412: Hibernate ORM core version 6.6.4.Final
2025-01-11T21:41:16.230+02:00  INFO 76056 --- [quartz-microservice] [           main] o.h.c.internal.RegionFactoryInitiator    : HHH000026: Second-level cache disabled
2025-01-11T21:41:17.293+02:00  INFO 76056 --- [quartz-microservice] [           main] o.s.o.j.p.SpringPersistenceUnitInfo      : No LoadTimeWeaver setup: ignoring JPA class transformer
2025-01-11T21:41:17.528+02:00  WARN 76056 --- [quartz-microservice] [           main] org.hibernate.orm.deprecation            : HHH90000025: H2Dialect does not need to be specified explicitly using 'hibernate.dialect' (remove the property setting and it will be selected by default)
2025-01-11T21:41:17.618+02:00  INFO 76056 --- [quartz-microservice] [           main] org.hibernate.orm.connections.pooling    : HHH10001005: Database info:
	Database JDBC URL [Connecting through datasource 'HikariDataSource (HikariPool-1)']
	Database driver: undefined/unknown
	Database version: 2.3.232
	Autocommit mode: undefined/unknown
	Isolation level: undefined/unknown
	Minimum pool size: undefined/unknown
	Maximum pool size: undefined/unknown
2025-01-11T21:41:20.312+02:00  INFO 76056 --- [quartz-microservice] [           main] o.h.e.t.j.p.i.JtaPlatformInitiator       : HHH000489: No JTA platform available (set 'hibernate.transaction.jta.platform' to enable JTA platform integration)
2025-01-11T21:41:20.452+02:00  INFO 76056 --- [quartz-microservice] [           main] j.LocalContainerEntityManagerFactoryBean : Initialized JPA EntityManagerFactory for persistence unit 'default'
2025-01-11T21:41:21.954+02:00  INFO 76056 --- [quartz-microservice] [           main] org.quartz.impl.StdSchedulerFactory      : Using default implementation for ThreadExecutor
2025-01-11T21:41:22.047+02:00  INFO 76056 --- [quartz-microservice] [           main] org.quartz.core.SchedulerSignalerImpl    : Initialized Scheduler Signaller of type: class org.quartz.core.SchedulerSignalerImpl
2025-01-11T21:41:22.048+02:00  INFO 76056 --- [quartz-microservice] [           main] org.quartz.core.QuartzScheduler          : Quartz Scheduler v.2.3.2 created.
2025-01-11T21:41:22.053+02:00  INFO 76056 --- [quartz-microservice] [           main] o.s.s.quartz.LocalDataSourceJobStore     : Using db table-based data access locking (synchronization).
2025-01-11T21:41:22.058+02:00  INFO 76056 --- [quartz-microservice] [           main] o.s.s.quartz.LocalDataSourceJobStore     : JobStoreCMT initialized.
2025-01-11T21:41:22.059+02:00  INFO 76056 --- [quartz-microservice] [           main] org.quartz.core.QuartzScheduler          : Scheduler meta-data: Quartz Scheduler (v2.3.2) 'cypcode-scheduler' with instanceId 'NON_CLUSTERED'
  Scheduler class: 'org.quartz.core.QuartzScheduler' - running locally.
  NOT STARTED.
  Currently in standby mode.
  Number of jobs executed: 0
  Using thread pool 'org.quartz.simpl.SimpleThreadPool' - with 10 threads.
  Using job-store 'org.springframework.scheduling.quartz.LocalDataSourceJobStore' - which supports persistence. and is not clustered.

2025-01-11T21:41:22.062+02:00  INFO 76056 --- [quartz-microservice] [           main] org.quartz.impl.StdSchedulerFactory      : Quartz scheduler 'cypcode-scheduler' initialized from an externally provided properties instance.
2025-01-11T21:41:22.063+02:00  INFO 76056 --- [quartz-microservice] [           main] org.quartz.impl.StdSchedulerFactory      : Quartz scheduler version: 2.3.2
2025-01-11T21:41:22.064+02:00  INFO 76056 --- [quartz-microservice] [           main] org.quartz.core.QuartzScheduler          : JobFactory set to: org.springframework.scheduling.quartz.SpringBeanJobFactory@6ad2cb6d
2025-01-11T21:41:23.072+02:00  WARN 76056 --- [quartz-microservice] [           main] JpaBaseConfiguration$JpaWebConfiguration : spring.jpa.open-in-view is enabled by default. Therefore, database queries may be performed during view rendering. Explicitly configure spring.jpa.open-in-view to disable this warning
2025-01-11T21:41:23.304+02:00  INFO 76056 --- [quartz-microservice] [           main] o.s.v.b.OptionalValidatorFactoryBean     : Failed to set up a Bean Validation provider: jakarta.validation.NoProviderFoundException: Unable to create a Configuration, because no Jakarta Bean Validation provider could be found. Add a provider like Hibernate Validator (RI) to your classpath.
2025-01-11T21:41:24.492+02:00  INFO 76056 --- [quartz-microservice] [           main] o.s.b.a.h2.H2ConsoleAutoConfiguration    : H2 console available at '/h2-console'. Database available at 'jdbc:h2:mem:quartzcrondb'
2025-01-11T21:41:24.837+02:00  INFO 76056 --- [quartz-microservice] [           main] o.s.s.quartz.SchedulerFactoryBean        : Starting Quartz Scheduler now
2025-01-11T21:41:24.939+02:00  INFO 76056 --- [quartz-microservice] [           main] o.s.s.quartz.LocalDataSourceJobStore     : Freed 0 triggers from 'acquired' / 'blocked' state.
2025-01-11T21:41:24.944+02:00  INFO 76056 --- [quartz-microservice] [           main] o.s.s.quartz.LocalDataSourceJobStore     : Recovering 0 jobs that were in-progress at the time of the last shut-down.
2025-01-11T21:41:24.945+02:00  INFO 76056 --- [quartz-microservice] [           main] o.s.s.quartz.LocalDataSourceJobStore     : Recovery complete.
2025-01-11T21:41:24.947+02:00  INFO 76056 --- [quartz-microservice] [           main] o.s.s.quartz.LocalDataSourceJobStore     : Removed 0 'complete' triggers.
2025-01-11T21:41:24.948+02:00  INFO 76056 --- [quartz-microservice] [           main] o.s.s.quartz.LocalDataSourceJobStore     : Removed 0 stale fired job entries.
2025-01-11T21:41:24.950+02:00  INFO 76056 --- [quartz-microservice] [           main] org.quartz.core.QuartzScheduler          : Scheduler cypcode-scheduler_$_NON_CLUSTERED started.
2025-01-11T21:41:25.030+02:00  INFO 76056 --- [quartz-microservice] [           main] c.c.q.ApplicationTests                   : Started ApplicationTests in 20.242 seconds (process running for 24.231)
]]></system-out>
  </testcase>
</testsuite>